<?xml version="1.0" encoding="UTF-8"?>
<testng-results skipped="0" failed="0" ignored="0" total="1" passed="1">
  <reporter-output>
  </reporter-output>
  <suite name="Default suite" duration-ms="68283" started-at="2018-05-24T09:44:22Z" finished-at="2018-05-24T09:45:30Z">
    <groups>
    </groups>
    <test name="Default test" duration-ms="68283" started-at="2018-05-24T09:44:22Z" finished-at="2018-05-24T09:45:30Z">
      <class name="com.hpe.dam.marketingstandard.CreateAssetTestNG">
        <test-method status="PASS" signature="LoginAEM()[pri:0, instance:com.hpe.dam.marketingstandard.CreateAssetTestNG@1563da5]" name="LoginAEM" is-config="true" duration-ms="39897" started-at="2018-05-24T09:44:22Z" finished-at="2018-05-24T09:45:02Z">
          <reporter-output>
          </reporter-output>
        </test-method> <!-- LoginAEM -->
        <test-method status="PASS" signature="CreatingAsset()[pri:1, instance:com.hpe.dam.marketingstandard.CreateAssetTestNG@1563da5]" name="CreatingAsset" duration-ms="28321" started-at="2018-05-24T09:45:02Z" finished-at="2018-05-24T09:45:30Z">
          <reporter-output>
          </reporter-output>
        </test-method> <!-- CreatingAsset -->
      </class> <!-- com.hpe.dam.marketingstandard.CreateAssetTestNG -->
    </test> <!-- Default test -->
  </suite> <!-- Default suite -->
</testng-results>
